2017-05-24 15:16:31,203 [Worker-2] INFO  c.g.t.t.d.PublishedGradleVersions - Gradle version information cache is out-of-date. Trying to update.
2017-05-24 15:23:10,647 [Worker-2] INFO  c.g.t.t.d.PublishedGradleVersions - Gradle version information cache is up-to-date. Trying to read.
2017-05-24 15:33:19,406 [Worker-4] INFO  o.e.m.c.i.p.ProjectConfigurationManager - Collecting project info '/pom.xml' /Users/arun/SerenityBDD/BDD/pom.xml
2017-05-24 15:33:20,934 [Worker-4] INFO  o.e.m.c.i.l.LifecycleMappingFactory - Using org.eclipse.m2e.jdt.JarLifecycleMapping lifecycle mapping for MavenProject: com.bdd.ie:BDD:0.0.1-SNAPSHOT @ /Users/arun/SerenityBDD/BDD/pom.xml.
2017-05-24 15:33:21,270 [Worker-4] INFO  o.e.m.j.i.AbstractJavaProjectConfigurator - Adding source folder /BDD/src/main/java
2017-05-24 15:33:21,272 [Worker-4] INFO  o.e.m.j.i.AbstractJavaProjectConfigurator - Adding source folder /BDD/src/test/java
2017-05-24 15:33:23,537 [Worker-4] INFO  o.e.m.c.i.p.ProjectConfigurationManager - Imported and configured 1 project(s) in 4 sec
2017-05-24 15:33:24,773 [Worker-2] INFO  o.e.m.c.i.embedder.EclipseLogger - Using 'UTF-8' encoding to copy filtered resources.
2017-05-24 15:33:24,773 [Worker-2] INFO  o.e.m.c.i.embedder.EclipseLogger - skip non existing resourceDirectory /Users/arun/SerenityBDD/BDD/src/main/resources
2017-05-24 15:33:24,775 [Worker-2] INFO  o.e.m.c.i.embedder.EclipseLogger - Using 'UTF-8' encoding to copy filtered resources.
2017-05-24 15:33:24,775 [Worker-2] INFO  o.e.m.c.i.embedder.EclipseLogger - skip non existing resourceDirectory /Users/arun/SerenityBDD/BDD/src/test/resources
2017-05-24 15:37:05,337 [Worker-21] INFO  o.e.m.c.i.l.LifecycleMappingFactory - Using org.eclipse.m2e.jdt.JarLifecycleMapping lifecycle mapping for MavenProject: com.bdd.ie:BDD:0.0.1-SNAPSHOT @ /Users/arun/SerenityBDD/BDD/pom.xml.
2017-05-24 15:37:05,408 [Worker-21] INFO  o.e.m.j.i.AbstractJavaProjectConfigurator - Adding source folder /BDD/src/main/java
2017-05-24 15:37:05,408 [Worker-21] INFO  o.e.m.j.i.AbstractJavaProjectConfigurator - Adding resource folder /BDD/src/main/resources
2017-05-24 15:37:05,409 [Worker-21] INFO  o.e.m.j.i.AbstractJavaProjectConfigurator - Adding source folder /BDD/src/test/java
2017-05-24 15:37:05,409 [Worker-21] INFO  o.e.m.j.i.AbstractJavaProjectConfigurator - Adding resource folder /BDD/src/test/resources
2017-05-24 15:37:05,705 [Worker-2] WARN  o.e.m.c.i.embedder.EclipseLogger - Using platform encoding (UTF-8 actually) to copy filtered resources, i.e. build is platform dependent!
2017-05-24 15:37:05,742 [Worker-2] INFO  o.e.m.c.i.embedder.EclipseLogger - Copying 0 resource
2017-05-24 15:37:05,744 [Worker-2] WARN  o.e.m.c.i.embedder.EclipseLogger - Using platform encoding (UTF-8 actually) to copy filtered resources, i.e. build is platform dependent!
2017-05-24 15:37:05,745 [Worker-2] INFO  o.e.m.c.i.embedder.EclipseLogger - Copying 0 resource
2017-05-24 15:38:31,117 [Worker-18] WARN  o.e.m.c.i.embedder.EclipseLogger - Using platform encoding (UTF-8 actually) to copy filtered resources, i.e. build is platform dependent!
2017-05-24 15:38:31,141 [Worker-18] INFO  o.e.m.c.i.embedder.EclipseLogger - Copying 0 resource
2017-05-24 15:38:31,143 [Worker-18] WARN  o.e.m.c.i.embedder.EclipseLogger - Using platform encoding (UTF-8 actually) to copy filtered resources, i.e. build is platform dependent!
2017-05-24 15:38:31,144 [Worker-18] INFO  o.e.m.c.i.embedder.EclipseLogger - Copying 0 resource
2017-05-24 15:39:02,976 [Worker-19] WARN  o.e.m.c.i.embedder.EclipseLogger - Using platform encoding (UTF-8 actually) to copy filtered resources, i.e. build is platform dependent!
2017-05-24 15:39:02,977 [Worker-19] INFO  o.e.m.c.i.embedder.EclipseLogger - Copying 0 resource
2017-05-24 15:39:02,978 [Worker-19] WARN  o.e.m.c.i.embedder.EclipseLogger - Using platform encoding (UTF-8 actually) to copy filtered resources, i.e. build is platform dependent!
2017-05-24 15:39:02,979 [Worker-19] INFO  o.e.m.c.i.embedder.EclipseLogger - Copying 0 resource
2017-05-24 15:40:28,124 [Worker-23] INFO  o.e.m.c.i.p.ProjectConfigurationManager - Update started
2017-05-24 15:40:28,403 [Worker-23] INFO  o.e.m.c.i.l.LifecycleMappingFactory - Using org.eclipse.m2e.jdt.JarLifecycleMapping lifecycle mapping for MavenProject: com.bdd.ie:BDD:0.0.1-SNAPSHOT @ /Users/arun/SerenityBDD/BDD/pom.xml.
2017-05-24 15:40:28,505 [Worker-23] INFO  o.e.m.j.i.AbstractJavaProjectConfigurator - Adding source folder /BDD/src/main/java
2017-05-24 15:40:28,505 [Worker-23] INFO  o.e.m.j.i.AbstractJavaProjectConfigurator - Adding resource folder /BDD/src/main/resources
2017-05-24 15:40:28,506 [Worker-23] INFO  o.e.m.j.i.AbstractJavaProjectConfigurator - Adding source folder /BDD/src/test/java
2017-05-24 15:40:28,506 [Worker-23] INFO  o.e.m.j.i.AbstractJavaProjectConfigurator - Adding resource folder /BDD/src/test/resources
2017-05-24 15:40:28,557 [Worker-23] INFO  o.e.m.c.i.p.ProjectConfigurationManager - Update completed: 0 sec
2017-05-24 15:40:28,684 [Worker-22] WARN  o.e.m.c.i.embedder.EclipseLogger - Using platform encoding (UTF-8 actually) to copy filtered resources, i.e. build is platform dependent!
2017-05-24 15:40:28,685 [Worker-22] INFO  o.e.m.c.i.embedder.EclipseLogger - Copying 0 resource
2017-05-24 15:40:28,687 [Worker-22] WARN  o.e.m.c.i.embedder.EclipseLogger - Using platform encoding (UTF-8 actually) to copy filtered resources, i.e. build is platform dependent!
2017-05-24 15:40:28,687 [Worker-22] INFO  o.e.m.c.i.embedder.EclipseLogger - Copying 0 resource
2017-05-24 15:41:24,511 [Worker-25] INFO  o.e.m.c.i.l.LifecycleMappingFactory - Using org.eclipse.m2e.jdt.JarLifecycleMapping lifecycle mapping for MavenProject: com.bdd.ie:BDD:0.0.1-SNAPSHOT @ /Users/arun/SerenityBDD/BDD/pom.xml.
2017-05-24 15:41:24,632 [Worker-25] WARN  o.e.m.c.i.embedder.EclipseLogger - Using platform encoding (UTF-8 actually) to copy filtered resources, i.e. build is platform dependent!
2017-05-24 15:41:24,634 [Worker-25] INFO  o.e.m.c.i.embedder.EclipseLogger - Copying 0 resource
2017-05-24 15:41:24,636 [Worker-25] WARN  o.e.m.c.i.embedder.EclipseLogger - Using platform encoding (UTF-8 actually) to copy filtered resources, i.e. build is platform dependent!
2017-05-24 15:41:24,637 [Worker-25] INFO  o.e.m.c.i.embedder.EclipseLogger - Copying 0 resource
